<?xml version="1.0"?>
<testsuites>
  <testsuite tests="1" failures="0" errors="0" name="my passing test">
    <testcase name="#1 my passing test"/>
  </testsuite>
</testsuites>